
 Ansys Mechanical Enterprise Academic Student      


 *------------------------------------------------------------------*
 |                                                                  |
 |   W E L C O M E   T O   T H E   A N S Y S (R)  P R O G R A M     |
 |                                                                  |
 *------------------------------------------------------------------*




 ***************************************************************
 *         ANSYS MAPDL 2022 R2          LEGAL NOTICES          *
 ***************************************************************
 *                                                             *
 * Copyright 1971-2022 Ansys, Inc.  All rights reserved.       *
 * Unauthorized use, distribution or duplication is            *
 * prohibited.                                                 *
 *                                                             *
 * Ansys is a registered trademark of Ansys, Inc. or its       *
 * subsidiaries in the United States or other countries.       *
 * See the Ansys, Inc. online documentation or the Ansys, Inc. *
 * documentation CD or online help for the complete Legal      *
 * Notice.                                                     *
 *                                                             *
 ***************************************************************
 *                                                             *
 * THIS ANSYS SOFTWARE PRODUCT AND PROGRAM DOCUMENTATION       *
 * INCLUDE TRADE SECRETS AND CONFIDENTIAL AND PROPRIETARY      *
 * PRODUCTS OF ANSYS, INC., ITS SUBSIDIARIES, OR LICENSORS.    *
 * The software products and documentation are furnished by    *
 * Ansys, Inc. or its subsidiaries under a software license    *
 * agreement that contains provisions concerning               *
 * non-disclosure, copying, length and nature of use,          *
 * compliance with exporting laws, warranties, disclaimers,    *
 * limitations of liability, and remedies, and other           *
 * provisions.  The software products and documentation may be *
 * used, disclosed, transferred, or copied only in accordance  *
 * with the terms and conditions of that software license      *
 * agreement.                                                  *
 *                                                             *
 * Ansys, Inc. is a UL registered                              *
 * ISO 9001:2015 company.                                      *
 *                                                             *
 ***************************************************************
 *                                                             *
 * This product is subject to U.S. laws governing export and   *
 * re-export.                                                  *
 *                                                             *
 * For U.S. Government users, except as specifically granted   *
 * by the Ansys, Inc. software license agreement, the use,     *
 * duplication, or disclosure by the United States Government  *
 * is subject to restrictions stated in the Ansys, Inc.        *
 * software license agreement and FAR 12.212 (for non-DOD      *
 * licenses).                                                  *
 *                                                             *
 ***************************************************************

 2022 R2 
     
 Point Releases and Patches installed:   
     
 Ansys, Inc. Products 2022 R2
 Autodyn 2022 R2 
 SpaceClaim 2022 R2  
 CFX (includes CFD-Post) 2022 R2 
 Chemkin 2022 R2 
 EnSight 2022 R2 
 FENSAP-ICE 2022 R2  
 Fluent (includes CFD-Post) 2022 R2  
 Polyflow (includes CFD-Post) 2022 R2
 Forte (includes EnSight) 2022 R2
 TurboGrid 2022 R2   
 Aqwa 2022 R2
 Mechanical Products 2022 R2 
 ACIS Geometry Interface 2022 R2 
 AutoCAD Geometry Interface 2022 R2  
 Catia, Version 4 Geometry Interface 2022 R2 
 Catia, Version 5 Geometry Interface 2022 R2 
 Catia, Version 6 Geometry Interface 2022 R2 
 Creo Elements/Direct Modeling Geometry Interface 2022 R2
 Creo Parametric Geometry Interface 2022 R2  
 Inventor Geometry Interface 2022 R2 
 JTOpen Geometry Interface 2022 R2   
 NX Geometry Interface 2022 R2   
 Parasolid Geometry Interface  2022 R2   
 Solid Edge Geometry Interface 2022 R2   
 SOLIDWORKS Geometry Interface 2022 R2   
 Academic Student 2022 R2


          *****  MAPDL COMMAND LINE ARGUMENTS  *****
  BATCH MODE REQUESTED (-b)    = NOLIST
  INPUT FILE COPY MODE (-c)    = COPY
  DISTRIBUTED MEMORY PARALLEL REQUESTED
       4 PARALLEL PROCESSES REQUESTED WITH SINGLE THREAD PER PROCESS
    TOTAL OF     4 CORES REQUESTED
  INPUT FILE NAME              = C:\Users\Anoop\Desktop\_ProjectScratch\Scr7AE2\dummy.dat
  OUTPUT FILE NAME             = C:\Users\Anoop\Desktop\_ProjectScratch\Scr7AE2\solve.out
  START-UP FILE MODE           = NOREAD
  STOP FILE MODE               = NOREAD

 RELEASE= 2022 R2              BUILD= 22.2      UP20220516   VERSION=WINDOWS x64 
 CURRENT JOBNAME=file0  20:42:50  DEC 05, 2022 CP=      0.016


 PARAMETER _DS_PROGRESS =     999.0000000    

 /INPUT FILE= ds.dat  LINE=       0



 *** NOTE ***                            CP =       0.062   TIME= 20:42:51
 The /CONFIG,NOELDB command is not valid in a distributed memory         
 parallel solution.  Command is ignored.                                 

 *GET  _WALLSTRT  FROM  ACTI  ITEM=TIME WALL  VALUE=  20.7141667    

 ASSIGN FILE RSTP TO file.rst                                                                                                                                                                                                                                                            

 *** NOTE ***                            CP =       0.078   TIME= 20:42:51
 File= file.rst does not exist and will be created.                      

 *****  MAPDL SOLUTION ROUTINE  *****


 PERFORM A STATIC ANALYSIS
  RESTART WILL BE PERFORMED FOR THE ANALYSIS OF LINEAR PERTURBATION
  RESTART WILL BE PERFORMED BASED ON: 
   PREVIOUS LOADSTEP =      1 SUBSTEP =      1

 RESUME ANSYS DATA FROM FILE NAME=file.rdb                                                                                                                                                                                                                                                            
     DO NOT PLOT ANYTHING

 *** MAPDL GLOBAL STATUS *** 

 TITLE = end--Static Structural (A5)                                           
 ANALYSIS TYPE =  STATIC (STEADY-STATE)
 NUMBER OF ELEMENT TYPES =      3
      1863 ELEMENTS CURRENTLY SELECTED.  MAX ELEMENT NUMBER =        2771
      3239 NODES CURRENTLY SELECTED.     MAX NODE NUMBER =           3239
         6 COMPONENTS CURRENTLY DEFINED
 MAXIMUM LINEAR PROPERTY NUMBER        =       1
 ACTIVE COORDINATE SYSTEM              =       0  (CARTESIAN)  
 NUMBER OF SPECIFIED CONSTRAINTS       =    1200
 NUMBER OF SPECIFIED SURFACE LOADS     =     621
 CURRENT LOAD CASE =      0 OF      0
 LOAD SET   =       1
 SUBSTEP    =       1
 TIME/FREQ  =    1.0000    

 INITIAL JOBNAME = file
 CURRENT JOBNAME = file0

 RESTART PROCEDURE RE-BUILDS BOUNDARY CONDITIONS
 AND LOADING INFO UPTO THE CURRENT LOADSTEP 

 READ ANSYS LOADS DATA FROM FILE= file.ldhi                                                                                                                                                                                                                                                           

 DELETE SOLID MODEL BOUNDARY CONDITIONS
 
 NUMBER OF NODAL CONSTRAINTS DELETED                       =      1200
 NUMBER OF ELEMENT PRESSURES DELETED                       =       621

 SET PARAMETER DIMENSIONS ON  _WB_PROJECTSCRATCH_DIR_MODAL
  TYPE=STRI  DIMENSIONS=      248        1        1

 PARAMETER _WB_PROJECTSCRATCH_DIR_MODAL(1) = C:\Users\Anoop\Desktop\_ProjectScratch\Scr7AE2\

 SET PARAMETER DIMENSIONS ON  _WB_SOLVERFILES_DIR_MODAL
  TYPE=STRI  DIMENSIONS=      248        1        1

 PARAMETER _WB_SOLVERFILES_DIR_MODAL(1) = C:\Users\Anoop\Desktop\end_files\dp0\SYS-1\MECH\

 SET PARAMETER DIMENSIONS ON  _WB_USERFILES_DIR_MODAL
  TYPE=STRI  DIMENSIONS=      248        1        1

 PARAMETER _WB_USERFILES_DIR_MODAL(1) = C:\Users\Anoop\Desktop\end_files\user_files\

 TITLE= 
 end--Modal (B5)                                                               

  ACT Extensions:
      LSDYNA, 2022.2
      5f463412-bd3e-484b-87e7-cbc0a665e474, wbex
 /COM,     ANSYSMotion, 2022.2
      20180725-3f81-49eb-9f31-41364844c769, wbex
  

 PERTURB: Enabling perturbation analysis with prestressed modal solution.
 PERTURB: Enabling perturbation contact status remains the same as in restart step.
 PERTURB: Enabling perturbation to delete all boundary conditions except for constraints and temperatures and also put all non-zero displacement constraints to zero values.

 *** NOTE ***                            CP =       0.188   TIME= 20:42:51
 The automatic domain decomposition logic has selected the MESH domain   
 decomposition method with 4 processes per solution.                     

 *****  MAPDL SOLVE    COMMAND  *****

 *** MAPDL - ENGINEERING ANALYSIS SYSTEM  RELEASE 2022 R2          22.2     ***
 Ansys Mechanical Enterprise Academic Student      
 00000000  VERSION=WINDOWS x64   20:42:51  DEC 05, 2022 CP=      0.188

 end--Modal (B5)                                                               



                       S O L U T I O N   O P T I O N S

   PROBLEM DIMENSIONALITY. . . . . . . . . . . . .3-D                  
   DEGREES OF FREEDOM. . . . . . UX   UY   UZ  
   ANALYSIS TYPE . . . . . . . . . . . . . . . . .STATIC (STEADY-STATE)
      RESTART. . . . . . . . . . . . . . . . . . .ON
   LINEAR PERTURBATION . . . . . . . . . . . . . .ON
   OFFSET TEMPERATURE FROM ABSOLUTE ZERO . . . . .  273.15    
   NONLINEAR GEOMETRIC EFFECTS . . . . . . . . . .ON
   STRESS-STIFFENING . . . . . . . . . . . . . . .ON

 *** WARNING ***                         CP =       0.188   TIME= 20:42:51
 Material number 2 (used by element 2565) should normally have at least  
 one MP or one TB type command associated with it.  Output of energy by  
 material may not be available.                                          

 *** NOTE ***                            CP =       0.188   TIME= 20:42:51
 The step data was checked and warning messages were found.              
  Please review output or errors file (                                  
 C:\Users\Anoop\Desktop\_ProjectScratch\Scr7AE2\file0.err ) for these    
 warning messages.                                                       

                      L O A D   S T E P   O P T I O N S

   SOLUTION TO BE PERTURBED CORRESPONDS TO
      TIME . . . . . . . . . . . . . . . . . . . .  1.0000    
      LOAD STEP. . . . . . . . . . . . . . . . . .     1
      SUBSTEP. . . . . . . . . . . . . . . . . . .     1

 *** NOTE ***                            CP =       0.516   TIME= 20:42:51
 This SOLVE command is only used to generate the matrices needed to      
 perform the linear perturbation analysis.  The linear perturbation      
 analysis corresponds to time = 1 (load step = 1, substep = 1).  No      
 results are being written.                                              


 LINEAR PERTURBATION ANALYSIS PROCEDURE DELETES ALL
 BOUNDARY CONDITIONS EXCEPT CONSTRAINTS AND TEMPERATURES FROM DATABASE

 PARAMETER _THICKRATIO =     0.000000000    


 USE SYM. BLOCK LANCZOS MODE EXTRACTION METHOD
  EXTRACT     5 MODES
  NORMALIZE THE MODE SHAPES TO THE MASS MATRIX

 ERASE THE CURRENT DATABASE OUTPUT CONTROL TABLE.


 WRITE ALL  ITEMS TO THE DATABASE WITH A FREQUENCY OF NONE
   FOR ALL APPLICABLE ENTITIES

 WRITE NSOL ITEMS TO THE DATABASE WITH A FREQUENCY OF ALL 
   FOR ALL APPLICABLE ENTITIES

 WRITE STRS ITEMS TO THE DATABASE WITH A FREQUENCY OF ALL 
   FOR ALL APPLICABLE ENTITIES

 WRITE SRFS ITEMS TO THE DATABASE WITH A FREQUENCY OF ALL 
   FOR ALL APPLICABLE ENTITIES


 EXPAND ALL EXTRACTED MODES
  CALCULATE ELEMENT RESULTS AND NODAL DOF SOLUTION
  CALCULATE STRESSES IN ANY DOWNSTREAM MODE SUPERPOSITION EXPANSION PASS

 DO NOT COMBINE ELEMENT SAVE DATA FILES (.esav) AFTER DISTRIBUTED PARALLEL SOLUTION

 DO NOT COMBINE ELEMENT MATRIX FILES (.emat) AFTER DISTRIBUTED PARALLEL SOLUTION

 DO NOT COMBINE ASSEMBLED MATRIX FILES (.full) AFTER DISTRIBUTED PARALLEL SOLUTION

 *GET  ANSINTER_  FROM  ACTI  ITEM=INT        VALUE=  0.00000000    

 *IF  ANSINTER_                         ( =   0.00000     )  NE  
      0                                 ( =   0.00000     )  THEN    

 *ENDIF

 *****  MAPDL SOLVE    COMMAND  *****

 *** WARNING ***                         CP =       0.625   TIME= 20:42:51
 Element shape checking is currently inactive.  Issue SHPP,ON or         
 SHPP,WARN to reactivate, if desired.                                    

 *** NOTE ***                            CP =       0.625   TIME= 20:42:51
 The model data was checked and warning messages were found.             
  Please review output or errors file (                                  
 C:\Users\Anoop\Desktop\_ProjectScratch\Scr7AE2\file0.err ) for these    
 warning messages.                                                       

 *** SELECTION OF ELEMENT TECHNOLOGIES FOR APPLICABLE ELEMENTS ***
      --- GIVE SUGGESTIONS AND RESET THE KEY OPTIONS ---

 ELEMENT TYPE         1 IS SOLID187. IT IS NOT ASSOCIATED WITH FULLY INCOMPRESSIBLE
 HYPERELASTIC MATERIALS. NO SUGGESTION IS AVAILABLE AND NO RESETTING IS NEEDED.



 *** MAPDL - ENGINEERING ANALYSIS SYSTEM  RELEASE 2022 R2          22.2     ***
 Ansys Mechanical Enterprise Academic Student      
 00000000  VERSION=WINDOWS x64   20:42:51  DEC 05, 2022 CP=      0.625

 end--Modal (B5)                                                               



                       S O L U T I O N   O P T I O N S

   PROBLEM DIMENSIONALITY. . . . . . . . . . . . .3-D                  
   DEGREES OF FREEDOM. . . . . . UX   UY   UZ  
   ANALYSIS TYPE . . . . . . . . . . . . . . . . .MODAL                
      EXTRACTION METHOD. . . . . . . . . . . . . .BLOCK LANCZOS
   LINEAR PERTURBATION . . . . . . . . . . . . . .ON
   OFFSET TEMPERATURE FROM ABSOLUTE ZERO . . . . .  273.15    
   PRESTRESS EFFECTS INCLUDED IF AVAILABLE . . . .YES
   NUMBER OF MODES TO EXTRACT. . . . . . . . . . .     5
   GLOBALLY ASSEMBLED MATRIX . . . . . . . . . . .SYMMETRIC  
   NUMBER OF MODES TO EXPAND . . . . . . . . . . .ALL
   ELEMENT RESULTS CALCULATION . . . . . . . . . .ON 

 *** WARNING ***                         CP =       0.625   TIME= 20:42:51
 Material number 2 (used by element 2565) should normally have at least  
 one MP or one TB type command associated with it.  Output of energy by  
 material may not be available.                                          

 *** NOTE ***                            CP =       0.625   TIME= 20:42:51
 The step data was checked and warning messages were found.              
  Please review output or errors file (                                  
 C:\Users\Anoop\Desktop\_ProjectScratch\Scr7AE2\file0.err ) for these    
 warning messages.                                                       

                      L O A D   S T E P   O P T I O N S

   LOAD STEP NUMBER. . . . . . . . . . . . . . . .     1
   THERMAL STRAINS INCLUDED IN THE LOAD VECTOR . .   YES
   PRINT OUTPUT CONTROLS . . . . . . . . . . . . .NO PRINTOUT
   DATABASE OUTPUT CONTROLS
      ITEM     FREQUENCY   COMPONENT
       ALL       NONE               
      NSOL        ALL               
      STRS        ALL               
      SRFS        ALL               


 ELEMENT GEOMETRY HAS BEEN UPDATED USING TOTAL
 DISPLACEMENTS FROM THE BASE ANALYSIS AT THE RESTART POINT.


                         ***********  PRECISE MASS SUMMARY  ***********

   TOTAL RIGID BODY MASS MATRIX ABOUT ORIGIN
               Translational mass               |   Coupled translational/rotational mass
         3.3627        0.0000        0.0000     |     0.0000       0.17453E-02  -0.84072    
         0.0000        3.3627        0.0000     |   -0.17453E-02    0.0000       0.92305E-01
         0.0000        0.0000        3.3627     |    0.84072      -0.92305E-01    0.0000    
     ------------------------------------------ | ------------------------------------------
                                                |         Rotational mass (inertia)
                                                |    0.27891      -0.23078E-01  -0.74099E-04
                                                |   -0.23078E-01   0.43795E-02  -0.43611E-03
                                                |   -0.74099E-04  -0.43611E-03   0.28309    

   TOTAL MASS =  3.3627    
     The mass principal axes coincide with the global Cartesian axes

   CENTER OF MASS (X,Y,Z)=   0.27449E-01   0.25001       0.51902E-03

   TOTAL INERTIA ABOUT CENTER OF MASS
        0.68717E-01  -0.11741E-05  -0.26191E-04
       -0.11741E-05   0.18449E-02   0.24600E-06
       -0.26191E-04   0.24600E-06   0.70366E-01
     The inertia principal axes coincide with the global Cartesian axes


  *** MASS SUMMARY BY ELEMENT TYPE ***

  TYPE      MASS
     1   3.36275    

  BLOCK LANCZOS CALCULATION OF UP TO     5 EIGENVECTORS.
  NUMBER OF EQUATIONS              =         8517
  MAXIMUM WAVEFRONT                =          213
  MAXIMUM MODES STORED             =            5
  MINIMUM EIGENVALUE               =  0.00000E+00
  MAXIMUM EIGENVALUE               =  0.10000E+31


  Process memory allocated for solver              =     7.295 MB
  Process memory required for in-core solution     =     6.956 MB
  Process memory required for out-of-core solution =     4.270 MB

  Total memory allocated for solver                =    29.859 MB
  Total memory required for in-core solution       =    28.469 MB
  Total memory required for out-of-core solution   =    18.159 MB

 *** NOTE ***                            CP =       0.859   TIME= 20:42:52
 The Distributed Sparse Matrix Solver is currently running in the        
 in-core memory mode.  This memory mode uses the most amount of memory   
 in order to avoid using the hard drive as much as possible, which most  
 often results in the fastest solution time.  This mode is recommended   
 if enough physical memory is present to accommodate all of the solver   
 data.                                                                   

  Process memory required for in-core LANCZOS Workspace             =     12.918434 MB
  Process memory required for out-of-core LANCZOS Workspace         =     797.789063 KB

  Total   memory required for in-core LANCZOS Workspace             =     38.972992 MB
  Total   memory required for out-of-core LANCZOS Workspace         =     2.813965 MB


 *** MAPDL - ENGINEERING ANALYSIS SYSTEM  RELEASE 2022 R2          22.2     ***
 Ansys Mechanical Enterprise Academic Student      
 00000000  VERSION=WINDOWS x64   20:42:52  DEC 05, 2022 CP=      0.953

 end--Modal (B5)                                                               



 *** FREQUENCIES FROM BLOCK LANCZOS ITERATION ***

  MODE    FREQUENCY (HERTZ)      


    1     58.78570279783    
    2     240.5084604993    
    3     364.8324377130    
    4     643.7135710850    
    5     1010.110749799    

   *** ELEMENT RESULT CALCULATION TIMES
     TYPE    NUMBER   ENAME      TOTAL CP  AVE CP

        1      1656  SOLID187      0.094   0.000057
        2        78  SURF154       0.000   0.000000
        3       129  SURF154       0.000   0.000000

   *** NODAL LOAD CALCULATION TIMES
     TYPE    NUMBER   ENAME      TOTAL CP  AVE CP

        1      1656  SOLID187      0.016   0.000009
        2        78  SURF154       0.000   0.000000
        3       129  SURF154       0.000   0.000000

 *** MAPDL - ENGINEERING ANALYSIS SYSTEM  RELEASE 2022 R2          22.2     ***
 Ansys Mechanical Enterprise Academic Student      
 00000000  VERSION=WINDOWS x64   20:42:52  DEC 05, 2022 CP=      1.188

 end--Modal (B5)                                                               





          ***** PARTICIPATION FACTOR CALCULATION *****  X  DIRECTION
                                                                                  CUMULATIVE     RATIO EFF.MASS
  MODE   FREQUENCY       PERIOD      PARTIC.FACTOR     RATIO    EFFECTIVE MASS   MASS FRACTION   TO TOTAL MASS
     1     58.7857       0.17011E-01  -0.22042E-01    0.015467    0.485862E-03    0.239157E-03    0.144484E-03
     2     240.508       0.41579E-02    1.4251        1.000000     2.03088        0.999904        0.603935    
     3     364.832       0.27410E-02   0.13022E-01    0.009137    0.169564E-03    0.999988        0.504244E-04
     4     643.714       0.15535E-02   0.21763E-02    0.001527    0.473611E-05    0.999990        0.140841E-05
     5     1010.11       0.98999E-03  -0.45231E-02    0.003174    0.204588E-04     1.00000        0.608395E-05
 -----------------------------------------------------------------------------------------------------------------
   sum                                                             2.03156                        0.604137    
 -----------------------------------------------------------------------------------------------------------------



          ***** PARTICIPATION FACTOR CALCULATION *****  Y  DIRECTION
                                                                                  CUMULATIVE     RATIO EFF.MASS
  MODE   FREQUENCY       PERIOD      PARTIC.FACTOR     RATIO    EFFECTIVE MASS   MASS FRACTION   TO TOTAL MASS
     1     58.7857       0.17011E-01   0.30115E-04    0.027791    0.906937E-09    0.688026E-03    0.269702E-09
     2     240.508       0.41579E-02   0.10836E-02    1.000000    0.117429E-05    0.891533        0.349205E-06
     3     364.832       0.27410E-02  -0.11725E-03    0.108201    0.137479E-07    0.901962        0.408829E-08
     4     643.714       0.15535E-02  -0.30905E-03    0.285192    0.955097E-07    0.974418        0.284023E-07
     5     1010.11       0.98999E-03  -0.18363E-03    0.169459    0.337212E-07     1.00000        0.100279E-07
 -----------------------------------------------------------------------------------------------------------------
   sum                                                            0.131817E-05                    0.391993E-06
 -----------------------------------------------------------------------------------------------------------------



          ***** PARTICIPATION FACTOR CALCULATION *****  Z  DIRECTION
                                                                                  CUMULATIVE     RATIO EFF.MASS
  MODE   FREQUENCY       PERIOD      PARTIC.FACTOR     RATIO    EFFECTIVE MASS   MASS FRACTION   TO TOTAL MASS
     1     58.7857       0.17011E-01    1.4220        1.000000     2.02201        0.706059        0.601297    
     2     240.508       0.41579E-02   0.22719E-01    0.015977    0.516137E-03    0.706239        0.153487E-03
     3     364.832       0.27410E-02  -0.78999        0.555559    0.624086        0.924161        0.185588    
     4     643.714       0.15535E-02  -0.26503E-01    0.018638    0.702400E-03    0.924407        0.208877E-03
     5     1010.11       0.98999E-03   0.46528        0.327206    0.216485         1.00000        0.643773E-01
 -----------------------------------------------------------------------------------------------------------------
   sum                                                             2.86380                        0.851625    
 -----------------------------------------------------------------------------------------------------------------



          ***** PARTICIPATION FACTOR CALCULATION *****ROTX DIRECTION
                                                                                  CUMULATIVE     RATIO EFF.MASS
  MODE   FREQUENCY       PERIOD      PARTIC.FACTOR     RATIO    EFFECTIVE MASS   MASS FRACTION   TO TOTAL MASS
     1     58.7857       0.17011E-01   0.51862        1.000000    0.268970        0.966749        0.964368    
     2     240.508       0.41579E-02   0.81359E-02    0.015688    0.661935E-04    0.966987        0.237331E-03
     3     364.832       0.27410E-02  -0.89478E-01    0.172531    0.800636E-02    0.995764        0.287062E-01
     4     643.714       0.15535E-02  -0.41460E-02    0.007994    0.171894E-04    0.995825        0.616312E-04
     5     1010.11       0.98999E-03   0.34080E-01    0.065713    0.116147E-02     1.00000        0.416436E-02
 -----------------------------------------------------------------------------------------------------------------
   sum                                                            0.278221                        0.997538    
 -----------------------------------------------------------------------------------------------------------------



          ***** PARTICIPATION FACTOR CALCULATION *****ROTY DIRECTION
                                                                                  CUMULATIVE     RATIO EFF.MASS
  MODE   FREQUENCY       PERIOD      PARTIC.FACTOR     RATIO    EFFECTIVE MASS   MASS FRACTION   TO TOTAL MASS
     1     58.7857       0.17011E-01  -0.39084E-01    1.000000    0.152753E-02    0.420094        0.348791    
     2     240.508       0.41579E-02   0.20050E-05    0.000051    0.402008E-11    0.420094        0.917930E-09
     3     364.832       0.27410E-02   0.23465E-01    0.600378    0.550606E-03    0.571519        0.125723    
     4     643.714       0.15535E-02  -0.37200E-01    0.951809    0.138385E-02    0.952099        0.315985    
     5     1010.11       0.98999E-03  -0.13198E-01    0.337675    0.174176E-03     1.00000        0.397706E-01
 -----------------------------------------------------------------------------------------------------------------
   sum                                                            0.363617E-02                    0.830270    
 -----------------------------------------------------------------------------------------------------------------



          ***** PARTICIPATION FACTOR CALCULATION *****ROTZ DIRECTION
                                                                                  CUMULATIVE     RATIO EFF.MASS
  MODE   FREQUENCY       PERIOD      PARTIC.FACTOR     RATIO    EFFECTIVE MASS   MASS FRACTION   TO TOTAL MASS
     1     58.7857       0.17011E-01   0.80390E-02    0.015437    0.646253E-04    0.238249E-03    0.228286E-03
     2     240.508       0.41579E-02  -0.52075        1.000000    0.271183        0.999985        0.957940    
     3     364.832       0.27410E-02  -0.17730E-02    0.003405    0.314341E-05    0.999997        0.111040E-04
     4     643.714       0.15535E-02   0.87809E-03    0.001686    0.771038E-06     1.00000        0.272365E-05
     5     1010.11       0.98999E-03   0.25496E-03    0.000490    0.650059E-07     1.00000        0.229630E-06
 -----------------------------------------------------------------------------------------------------------------
   sum                                                            0.271251                        0.958183    
 -----------------------------------------------------------------------------------------------------------------





 *** NOTE ***                            CP =       1.188   TIME= 20:42:52
 The modes requested are mass normalized (Nrmkey on MODOPT).  However,   
 the modal masses and kinetic energies below are calculated with unit    
 normalized modes.                                                       

        ***** MODAL MASSES, KINETIC ENERGIES, AND TRANSLATIONAL EFFECTIVE MASSES SUMMARY *****

                                                                         EFFECTIVE MASS
  MODE  FREQUENCY   MODAL MASS     KENE      |      X-DIR      RATIO%   Y-DIR      RATIO%   Z-DIR      RATIO% 
     1   58.79      0.8127      0.5544E+05   |    0.4859E-03    0.01  0.9069E-09    0.00   2.022       60.13
     2   240.5      0.8355      0.9539E+06   |     2.031       60.39  0.1174E-05    0.00  0.5161E-03    0.02
     3   364.8      0.7612      0.2000E+07   |    0.1696E-03    0.01  0.1375E-07    0.00  0.6241       18.56
     4   643.7      0.2367      0.1936E+07   |    0.4736E-05    0.00  0.9551E-07    0.00  0.7024E-03    0.02
     5   1010.      0.7723      0.1556E+08   |    0.2046E-04    0.00  0.3372E-07    0.00  0.2165        6.44
 --------------------------------------------------------------------------------------------------------------
   sum                                       |     2.032       60.41  0.1318E-05    0.00   2.864       85.16
 --------------------------------------------------------------------------------------------------------------


 *** MAPDL BINARY FILE STATISTICS
  BUFFER SIZE USED= 16384
        5.312 MB WRITTEN ON ELEMENT MATRIX FILE: file0.emat
        1.500 MB WRITTEN ON ELEMENT SAVED DATA FILE: file0.esav
        1.750 MB WRITTEN ON ASSEMBLED MATRIX FILE: file0.full
        0.125 MB WRITTEN ON MODAL MATRIX FILE: file0.mode
        0.875 MB WRITTEN ON RESULTS FILE: file0.rst
 *************** Write FE CONNECTORS *********

 WRITE OUT CONSTRAINT EQUATIONS TO FILE= file.ce                                                                                                                                                                                                                                                             

 *GET  _NMODALSOLPROC  FROM  ACTI  ITEM=NUMC       VALUE=  4.00000000    

 FINISH SOLUTION PROCESSING


 ***** ROUTINE COMPLETED *****  CP =         1.281



 PRINTOUT RESUMED BY /GOP

 *GET  _WALLASOL  FROM  ACTI  ITEM=TIME WALL  VALUE=  20.7144444    

 *** MAPDL - ENGINEERING ANALYSIS SYSTEM  RELEASE 2022 R2          22.2     ***
 Ansys Mechanical Enterprise Academic Student      
 00000000  VERSION=WINDOWS x64   20:42:52  DEC 05, 2022 CP=      1.281

 end--Modal (B5)                                                               



          ***** MAPDL RESULTS INTERPRETATION (POST1) *****

 *** NOTE ***                            CP =       1.281   TIME= 20:42:52
 Reading results into the database (SET command) will update the current 
 displacement and force boundary conditions in the database with the     
 values from the results file for that load set.  Note that any          
 subsequent solutions will use these values unless action is taken to    
 either SAVE the current values or not overwrite them (/EXIT,NOSAVE).    

 *** NOTE ***                            CP =       1.281   TIME= 20:42:52
 The nodal coordinates were updated from their original locations during 
 a prior operation (an explicit UPCOORD or UPGEOM, or a linear           
 perturbation analysis).                                                 

 PRINTOUT RESUMED BY /GOP

 Set Encoding of XML File to:ISO-8859-1

 Set Output of XML File to:
     PARM,     ,     ,     ,     ,     ,     ,     ,     ,     ,     ,     ,
         ,     ,     ,     ,     ,     ,     ,

 DATABASE WRITTEN ON FILE  parm.xml                                                                                                                                                                                                                                                            

 EXIT THE MAPDL POST1 DATABASE PROCESSOR


 ***** ROUTINE COMPLETED *****  CP =         1.312



 PRINTOUT RESUMED BY /GOP

 *GET  _WALLDONE  FROM  ACTI  ITEM=TIME WALL  VALUE=  20.7144444    

 PARAMETER _PREPTIME =     0.000000000    

 PARAMETER _SOLVTIME =     1322.000000    

 PARAMETER _POSTTIME =     0.000000000    

 PARAMETER _TOTALTIM =     1322.000000    

 *GET  _DLBRATIO  FROM  ACTI  ITEM=SOLU DLBR  VALUE=  1.06451613    

 *GET  _COMBTIME  FROM  ACTI  ITEM=SOLU COMB  VALUE= 0.108880500    

 *GET  _SSMODE   FROM  ACTI  ITEM=SOLU SSMM  VALUE=  2.00000000    

 *GET  _NDOFS    FROM  ACTI  ITEM=SOLU NDOF  VALUE=  8517.00000    

 /FCLEAN COMMAND REMOVING ALL LOCAL FILES
 --- Total number of nodes = 3239
 --- Total number of elements = 1863
 --- Element load balance ratio = 1.06451613
 --- Time to combine distributed files = 0.1088805
 --- Sparse memory mode = 2
 --- Number of DOF = 8517

 EXIT MAPDL WITHOUT SAVING DATABASE


 NUMBER OF WARNING MESSAGES ENCOUNTERED=          3
 NUMBER OF ERROR   MESSAGES ENCOUNTERED=          0

+--------------------- M A P D L   S T A T I S T I C S ------------------------+

Release: 2022 R2            Build: 22.2       Update: UP20220516   Platform: WINDOWS x64 
Date Run: 12/05/2022   Time: 20:42     Process ID: 4176
Operating System: Windows 10  (Build: 22621)

Processor Model: Intel(R) Core(TM) i5-9300H CPU @ 2.40GHz

Compiler: Intel(R) Fortran Compiler Version 19.0.5  (Build: 20190815)
          Intel(R) C/C++ Compiler Version 19.0.5  (Build: 20190815)
          Intel(R) Math Kernel Library Version 2020.0.0 Product Build 20191125
          BLAS Library supplied by Intel(R) MKL

Number of machines requested            :    1
Total number of cores available         :    8
Number of physical cores available      :    4
Number of processes requested           :    4
Number of threads per process requested :    1
Total number of cores requested         :    4 (Distributed Memory Parallel)               
MPI Type: INTELMPI
MPI Version: Intel(R) MPI Library 2021.5 for Windows* OS


GPU Acceleration: Not Requested

Job Name: file0
Input File: dummy.dat

  Core                Machine Name   Working Directory
 -----------------------------------------------------
     0                    AnoopMSI   C:\Users\Anoop\Desktop\_ProjectScratch\Scr7AE2
     1                    AnoopMSI   C:\Users\Anoop\Desktop\_ProjectScratch\Scr7AE2
     2                    AnoopMSI   C:\Users\Anoop\Desktop\_ProjectScratch\Scr7AE2
     3                    AnoopMSI   C:\Users\Anoop\Desktop\_ProjectScratch\Scr7AE2
 
Latency time from master to core     1 =   27.573 microseconds
Latency time from master to core     2 =   11.924 microseconds
Latency time from master to core     3 =   11.214 microseconds
 
Communication speed from master to core     1 =  2197.25 MB/sec
Communication speed from master to core     2 =  1648.61 MB/sec
Communication speed from master to core     3 =  2104.37 MB/sec

Total CPU time for main thread                    :        1.3 seconds
Total CPU time summed for all threads             :        1.7 seconds

Elapsed time spent obtaining a license            :        0.4 seconds
Elapsed time spent pre-processing model (/PREP7)  :        0.0 seconds
Elapsed time spent solution - preprocessing       :        0.1 seconds
Elapsed time spent computing solution             :        1.0 seconds
Elapsed time spent solution - postprocessing      :        0.1 seconds
Elapsed time spent post-processing model (/POST1) :        0.0 seconds
 
Eigensolver used                                  :            Block Lanczos
Equation solver computational rate                :        7.3 Gflops

Sum of memory used on all processes               :      182.0 MB
Sum of memory allocated on all processes          :     5184.0 MB
Physical memory available                         :          8 GB

Total amount of I/O written to disk               :        0.0 GB
Total amount of I/O read from disk                :        0.2 GB

+------------------ E N D   M A P D L   S T A T I S T I C S -------------------+


 *---------------------------------------------------------------------------*
 |                                                                           |
 |                               RUN COMPLETED                               |
 |                                                                           |
 |---------------------------------------------------------------------------|
 |                                                                           |
 |  Ansys MAPDL 2022 R2         Build 22.2         UP20220516    WINDOWS x64 |
 |                                                                           |
 |---------------------------------------------------------------------------|
 |                                                                           |
 | Database Requested(-db)  1024 MB    Scratch Memory Requested      1024 MB |
 | Maximum Database Used       3 MB    Maximum Scratch Memory Used     45 MB |
 |                                                                           |
 |---------------------------------------------------------------------------|
 |                                                                           |
 |        CP Time      (sec) =          1.703       Time  =  20:42:53        |
 |        Elapsed Time (sec) =          4.000       Date  =  12/05/2022      |
 |                                                                           |
 *---------------------------------------------------------------------------*
